<?xml version="1.0" encoding="UTF-8"?>
<testng-results ignored="0" total="2" passed="1" failed="1" skipped="0">
  <reporter-output>
  </reporter-output>
  <suite started-at="2023-01-09T09:19:31 IST" name="Suite" finished-at="2023-01-09T09:20:00 IST" duration-ms="29529">
    <groups>
    </groups>
    <test started-at="2023-01-09T09:19:31 IST" name="ListenerTest" finished-at="2023-01-09T09:20:00 IST" duration-ms="29529">
      <class name="reportsTest.BasicTest">
        <test-method is-config="true" signature="beforeMethod()[pri:0, instance:reportsTest.BasicTest@50b472aa]" started-at="2023-01-09T09:19:31 IST" name="beforeMethod" finished-at="2023-01-09T09:19:34 IST" duration-ms="3363" status="PASS">
          <reporter-output>
          </reporter-output>
        </test-method> <!-- beforeMethod -->
        <test-method signature="StudentLogin()[pri:0, instance:reportsTest.BasicTest@50b472aa]" started-at="2023-01-09T09:19:34 IST" name="StudentLogin" finished-at="2023-01-09T09:19:40 IST" duration-ms="6187" status="FAIL">
          <exception class="java.lang.AssertionError">
            <message>
              <![CDATA[expected [Logged In Successfully | Practice Test Automation] but found [Logged In Successfully ]]]>
            </message>
            <full-stacktrace>
              <![CDATA[java.lang.AssertionError: expected [Logged In Successfully | Practice Test Automation] but found [Logged In Successfully ]
at org.testng.Assert.fail(Assert.java:99)
at org.testng.Assert.failNotEquals(Assert.java:1037)
at org.testng.Assert.assertEqualsImpl(Assert.java:140)
at org.testng.Assert.assertEquals(Assert.java:122)
at org.testng.Assert.assertEquals(Assert.java:629)
at org.testng.Assert.assertEquals(Assert.java:639)
at reportsTest.BasicTest.StudentLogin(BasicTest.java:49)
at java.base/jdk.internal.reflect.DirectMethodHandleAccessor.invoke(DirectMethodHandleAccessor.java:104)
at java.base/java.lang.reflect.Method.invoke(Method.java:577)
at org.testng.internal.MethodInvocationHelper.invokeMethod(MethodInvocationHelper.java:133)
at org.testng.internal.TestInvoker.invokeMethod(TestInvoker.java:598)
at org.testng.internal.TestInvoker.invokeTestMethod(TestInvoker.java:173)
at org.testng.internal.MethodRunner.runInSequence(MethodRunner.java:46)
at org.testng.internal.TestInvoker$MethodInvocationAgent.invoke(TestInvoker.java:824)
at org.testng.internal.TestInvoker.invokeTestMethods(TestInvoker.java:146)
at org.testng.internal.TestMethodWorker.invokeTestMethods(TestMethodWorker.java:146)
at org.testng.internal.TestMethodWorker.run(TestMethodWorker.java:128)
at java.base/java.util.ArrayList.forEach(ArrayList.java:1511)
at org.testng.TestRunner.privateRun(TestRunner.java:794)
at org.testng.TestRunner.run(TestRunner.java:596)
at org.testng.SuiteRunner.runTest(SuiteRunner.java:377)
at org.testng.SuiteRunner.runSequentially(SuiteRunner.java:371)
at org.testng.SuiteRunner.privateRun(SuiteRunner.java:332)
at org.testng.SuiteRunner.run(SuiteRunner.java:276)
at org.testng.SuiteRunnerWorker.runSuite(SuiteRunnerWorker.java:53)
at org.testng.SuiteRunnerWorker.run(SuiteRunnerWorker.java:96)
at org.testng.TestNG.runSuitesSequentially(TestNG.java:1212)
at org.testng.TestNG.runSuitesLocally(TestNG.java:1134)
at org.testng.TestNG.runSuites(TestNG.java:1063)
at org.testng.TestNG.run(TestNG.java:1031)
at org.testng.remote.AbstractRemoteTestNG.run(AbstractRemoteTestNG.java:115)
at org.testng.remote.RemoteTestNG.initAndRun(RemoteTestNG.java:251)
at org.testng.remote.RemoteTestNG.main(RemoteTestNG.java:77)
]]>
            </full-stacktrace>
          </exception> <!-- java.lang.AssertionError -->
          <reporter-output>
          </reporter-output>
        </test-method> <!-- StudentLogin -->
        <test-method is-config="true" signature="afterMethod()[pri:0, instance:reportsTest.BasicTest@50b472aa]" started-at="2023-01-09T09:19:40 IST" name="afterMethod" finished-at="2023-01-09T09:19:41 IST" duration-ms="262" status="PASS">
          <reporter-output>
          </reporter-output>
        </test-method> <!-- afterMethod -->
        <test-method is-config="true" signature="beforeMethod()[pri:0, instance:reportsTest.BasicTest@50b472aa]" started-at="2023-01-09T09:19:41 IST" name="beforeMethod" finished-at="2023-01-09T09:19:42 IST" duration-ms="1297" status="PASS">
          <reporter-output>
          </reporter-output>
        </test-method> <!-- beforeMethod -->
        <test-method signature="orangehrm()[pri:0, instance:reportsTest.BasicTest@50b472aa]" started-at="2023-01-09T09:19:42 IST" name="orangehrm" finished-at="2023-01-09T09:20:00 IST" duration-ms="18162" status="PASS">
          <reporter-output>
          </reporter-output>
        </test-method> <!-- orangehrm -->
        <test-method is-config="true" signature="afterMethod()[pri:0, instance:reportsTest.BasicTest@50b472aa]" started-at="2023-01-09T09:20:00 IST" name="afterMethod" finished-at="2023-01-09T09:20:00 IST" duration-ms="194" status="PASS">
          <reporter-output>
          </reporter-output>
        </test-method> <!-- afterMethod -->
      </class> <!-- reportsTest.BasicTest -->
    </test> <!-- ListenerTest -->
  </suite> <!-- Suite -->
</testng-results>
